<?xml version="1.0" encoding="UTF-8"?>
<!-- Generated by org.testng.reporters.JUnitXMLReporter -->
<testsuite ignored="14" hostname="WKWIN5997118" failures="0" tests="1" name="Default test" time="4.089" errors="0" timestamp="2022-07-11T18:30:21 IST">
  <testcase classname="pra.Rest" name="RegistrationSuccessful" time="1.174"/>
  <testcase classname="pra.Rest" name="getData1" time="0.0">
    <ignored/>
  </testcase> <!-- getData1 -->
  <testcase classname="pra.Rest" name="queryParameter" time="0.0">
    <ignored/>
  </testcase> <!-- queryParameter -->
  <testcase classname="pra.Rest" name="getData" time="0.0">
    <ignored/>
  </testcase> <!-- getData -->
  <testcase classname="pra.Rest" name="GetWeatherDetailsCondensed" time="0.0">
    <ignored/>
  </testcase> <!-- GetWeatherDetailsCondensed -->
  <testcase classname="pra.Rest" name="GetBooksDetails" time="0.0">
    <ignored/>
  </testcase> <!-- GetBooksDetails -->
  <testcase classname="pra.Rest" name="DisplayAllNodesInWeatherAPI" time="0.0">
    <ignored/>
  </testcase> <!-- DisplayAllNodesInWeatherAPI -->
  <testcase classname="pra.Rest" name="deleteBook" time="0.0">
    <ignored/>
  </testcase> <!-- deleteBook -->
  <testcase classname="pra.Rest" name="WeatherMessageBody" time="0.0">
    <ignored/>
  </testcase> <!-- WeatherMessageBody -->
  <testcase classname="pra.Rest" name="sample" time="0.0">
    <ignored/>
  </testcase> <!-- sample -->
  <testcase classname="pra.Rest" name="ValidateBookHeaders" time="0.0">
    <ignored/>
  </testcase> <!-- ValidateBookHeaders -->
  <testcase classname="pra.Rest" name="GetWeatherDetailsInvalidCity" time="0.0">
    <ignored/>
  </testcase> <!-- GetWeatherDetailsInvalidCity -->
  <testcase classname="pra.Rest" name="GetBookHeaders" time="0.0">
    <ignored/>
  </testcase> <!-- GetBookHeaders -->
  <testcase classname="pra.Rest" name="IteratingHeaders" time="0.0">
    <ignored/>
  </testcase> <!-- IteratingHeaders -->
  <testcase classname="pra.Rest" name="UserRegistrationSuccessful1" time="0.0">
    <ignored/>
  </testcase> <!-- UserRegistrationSuccessful1 -->
</testsuite> <!-- Default test -->
